<?xml version="1.0" encoding="UTF-8"?>
<testng-results ignored="0" total="2" passed="2" failed="0" skipped="0">
  <reporter-output>
  </reporter-output>
  <suite started-at="2023-05-12T19:47:27 SAST" name="Default suite" finished-at="2023-05-12T19:47:28 SAST" duration-ms="1291">
    <groups>
    </groups>
    <test started-at="2023-05-12T19:47:27 SAST" name="Default test" finished-at="2023-05-12T19:47:28 SAST" duration-ms="1291">
      <class name="test.TestsExamples">
        <test-method signature="Test1()[pri:0, instance:test.TestsExamples@611889f4]" started-at="2023-05-12T19:47:27 SAST" name="Test1" finished-at="2023-05-12T19:47:28 SAST" duration-ms="919" status="PASS">
          <reporter-output>
          </reporter-output>
        </test-method> <!-- Test1 -->
        <test-method signature="Test2()[pri:0, instance:test.TestsExamples@611889f4]" started-at="2023-05-12T19:47:28 SAST" name="Test2" finished-at="2023-05-12T19:47:28 SAST" duration-ms="356" status="PASS">
          <reporter-output>
          </reporter-output>
        </test-method> <!-- Test2 -->
      </class> <!-- test.TestsExamples -->
    </test> <!-- Default test -->
  </suite> <!-- Default suite -->
</testng-results>
